<?xml version="1.0" encoding="UTF-8"?>
<testng-results ignored="0" total="8" passed="8" failed="0" skipped="0">
  <reporter-output>
  </reporter-output>
  <suite started-at="2023-01-31T10:15:31 IST" name="Suite" finished-at="2023-01-31T10:18:10 IST" duration-ms="159395">
    <groups>
      <group name="ErrorHandling">
        <method signature="ErrorValidationsTest.LoginErrorValidation()[pri:0, instance:rahulshettyacademy.Tests.ErrorValidationsTest@2925bf5b]" name="LoginErrorValidation" class="rahulshettyacademy.Tests.ErrorValidationsTest"/>
      </group> <!-- ErrorHandling -->
    </groups>
    <test started-at="2023-01-31T10:15:31 IST" name="Submit Order Test" finished-at="2023-01-31T10:16:25 IST" duration-ms="54446">
      <class name="rahulshettyacademy.Tests.StandAloneTest">
        <test-method is-config="true" signature="launchApplication()[pri:0, instance:rahulshettyacademy.Tests.StandAloneTest@41d477ed]" started-at="2023-01-31T10:15:31 IST" name="launchApplication" finished-at="2023-01-31T10:15:34 IST" duration-ms="3701" status="PASS">
          <reporter-output>
          </reporter-output>
        </test-method> <!-- launchApplication -->
        <test-method signature="submitOrder(java.util.HashMap)[pri:0, instance:rahulshettyacademy.Tests.StandAloneTest@41d477ed]" started-at="2023-01-31T10:15:34 IST" name="submitOrder" data-provider="getData" finished-at="2023-01-31T10:15:49 IST" duration-ms="14607" status="PASS">
          <params>
            <param index="0">
              <value>
                <![CDATA[{password=Priyam123, email=priyam@gmail.com, productName=ZARA COAT 3}]]>
              </value>
            </param>
          </params>
          <reporter-output>
          </reporter-output>
        </test-method> <!-- submitOrder -->
        <test-method is-config="true" signature="ClosingSession()[pri:0, instance:rahulshettyacademy.Tests.StandAloneTest@41d477ed]" started-at="2023-01-31T10:15:49 IST" name="ClosingSession" finished-at="2023-01-31T10:16:05 IST" duration-ms="16260" status="PASS">
          <reporter-output>
          </reporter-output>
        </test-method> <!-- ClosingSession -->
        <test-method is-config="true" signature="launchApplication()[pri:0, instance:rahulshettyacademy.Tests.StandAloneTest@41d477ed]" started-at="2023-01-31T10:16:05 IST" name="launchApplication" finished-at="2023-01-31T10:16:08 IST" duration-ms="2862" status="PASS">
          <reporter-output>
          </reporter-output>
        </test-method> <!-- launchApplication -->
        <test-method signature="submitOrder(java.util.HashMap)[pri:0, instance:rahulshettyacademy.Tests.StandAloneTest@41d477ed]" started-at="2023-01-31T10:16:08 IST" name="submitOrder" data-provider="getData" finished-at="2023-01-31T10:16:22 IST" duration-ms="13899" status="PASS">
          <params>
            <param index="0">
              <value>
                <![CDATA[{password=Priyam123, email=priyam@gmail.com, productName=ZARA COAT 3}]]>
              </value>
            </param>
          </params>
          <reporter-output>
          </reporter-output>
        </test-method> <!-- submitOrder -->
        <test-method is-config="true" signature="ClosingSession()[pri:0, instance:rahulshettyacademy.Tests.StandAloneTest@41d477ed]" started-at="2023-01-31T10:16:22 IST" name="ClosingSession" finished-at="2023-01-31T10:16:22 IST" duration-ms="64" status="PASS">
          <reporter-output>
          </reporter-output>
        </test-method> <!-- ClosingSession -->
        <test-method is-config="true" signature="launchApplication()[pri:0, instance:rahulshettyacademy.Tests.StandAloneTest@41d477ed]" started-at="2023-01-31T10:16:22 IST" name="launchApplication" finished-at="2023-01-31T10:16:24 IST" duration-ms="2520" status="PASS">
          <reporter-output>
          </reporter-output>
        </test-method> <!-- launchApplication -->
        <test-method signature="OrderHistoryTest()[pri:0, instance:rahulshettyacademy.Tests.StandAloneTest@41d477ed]" started-at="2023-01-31T10:16:24 IST" name="OrderHistoryTest" finished-at="2023-01-31T10:16:25 IST" depends-on-methods="rahulshettyacademy.Tests.StandAloneTest.submitOrder" duration-ms="342" status="PASS">
          <reporter-output>
          </reporter-output>
        </test-method> <!-- OrderHistoryTest -->
        <test-method is-config="true" signature="ClosingSession()[pri:0, instance:rahulshettyacademy.Tests.StandAloneTest@41d477ed]" started-at="2023-01-31T10:16:25 IST" name="ClosingSession" finished-at="2023-01-31T10:16:25 IST" duration-ms="145" status="PASS">
          <reporter-output>
          </reporter-output>
        </test-method> <!-- ClosingSession -->
      </class> <!-- rahulshettyacademy.Tests.StandAloneTest -->
    </test> <!-- Submit Order Test -->
    <test started-at="2023-01-31T10:16:25 IST" name="Error Validations Test" finished-at="2023-01-31T10:16:59 IST" duration-ms="34000">
      <class name="rahulshettyacademy.Tests.ErrorValidationsTest">
        <test-method is-config="true" signature="launchApplication()[pri:0, instance:rahulshettyacademy.Tests.ErrorValidationsTest@2925bf5b]" started-at="2023-01-31T10:16:25 IST" name="launchApplication" finished-at="2023-01-31T10:16:27 IST" duration-ms="2283" status="PASS">
          <reporter-output>
          </reporter-output>
        </test-method> <!-- launchApplication -->
        <test-method signature="LoginErrorValidation()[pri:0, instance:rahulshettyacademy.Tests.ErrorValidationsTest@2925bf5b]" started-at="2023-01-31T10:16:27 IST" name="LoginErrorValidation" finished-at="2023-01-31T10:16:28 IST" duration-ms="240" status="PASS">
          <reporter-output>
          </reporter-output>
        </test-method> <!-- LoginErrorValidation -->
        <test-method is-config="true" signature="ClosingSession()[pri:0, instance:rahulshettyacademy.Tests.ErrorValidationsTest@2925bf5b]" started-at="2023-01-31T10:16:28 IST" name="ClosingSession" finished-at="2023-01-31T10:16:28 IST" duration-ms="119" status="PASS">
          <reporter-output>
          </reporter-output>
        </test-method> <!-- ClosingSession -->
        <test-method is-config="true" signature="launchApplication()[pri:0, instance:rahulshettyacademy.Tests.ErrorValidationsTest@2925bf5b]" started-at="2023-01-31T10:16:28 IST" name="launchApplication" finished-at="2023-01-31T10:16:30 IST" duration-ms="1911" status="PASS">
          <reporter-output>
          </reporter-output>
        </test-method> <!-- launchApplication -->
        <test-method signature="ProductErrorValidation()[pri:0, instance:rahulshettyacademy.Tests.ErrorValidationsTest@2925bf5b]" started-at="2023-01-31T10:16:30 IST" name="ProductErrorValidation" finished-at="2023-01-31T10:16:43 IST" duration-ms="13197" status="PASS">
          <reporter-output>
          </reporter-output>
        </test-method> <!-- ProductErrorValidation -->
        <test-method is-config="true" signature="ClosingSession()[pri:0, instance:rahulshettyacademy.Tests.ErrorValidationsTest@2925bf5b]" started-at="2023-01-31T10:16:43 IST" name="ClosingSession" finished-at="2023-01-31T10:16:59 IST" duration-ms="16241" status="PASS">
          <reporter-output>
          </reporter-output>
        </test-method> <!-- ClosingSession -->
      </class> <!-- rahulshettyacademy.Tests.ErrorValidationsTest -->
    </test> <!-- Error Validations Test -->
    <test started-at="2023-01-31T10:16:59 IST" name="Submit Order Test Using Json data" finished-at="2023-01-31T10:18:10 IST" duration-ms="70899">
      <class name="rahulshettyacademy.Tests.StandAloneTestJsonParameter">
        <test-method is-config="true" signature="launchApplication()[pri:0, instance:rahulshettyacademy.Tests.StandAloneTestJsonParameter@61322f9d]" started-at="2023-01-31T10:16:59 IST" name="launchApplication" finished-at="2023-01-31T10:17:03 IST" duration-ms="3449" status="PASS">
          <reporter-output>
          </reporter-output>
        </test-method> <!-- launchApplication -->
        <test-method signature="submitOrder(java.util.HashMap)[pri:0, instance:rahulshettyacademy.Tests.StandAloneTestJsonParameter@61322f9d]" started-at="2023-01-31T10:17:03 IST" name="submitOrder" data-provider="getData" finished-at="2023-01-31T10:17:17 IST" duration-ms="13947" status="PASS">
          <params>
            <param index="0">
              <value>
                <![CDATA[{password=Priyam123, email=priyam@gmail.com, productName=ZARA COAT 3}]]>
              </value>
            </param>
          </params>
          <reporter-output>
          </reporter-output>
        </test-method> <!-- submitOrder -->
        <test-method is-config="true" signature="ClosingSession()[pri:0, instance:rahulshettyacademy.Tests.StandAloneTestJsonParameter@61322f9d]" started-at="2023-01-31T10:17:17 IST" name="ClosingSession" finished-at="2023-01-31T10:17:33 IST" duration-ms="16260" status="PASS">
          <reporter-output>
          </reporter-output>
        </test-method> <!-- ClosingSession -->
        <test-method is-config="true" signature="launchApplication()[pri:0, instance:rahulshettyacademy.Tests.StandAloneTestJsonParameter@61322f9d]" started-at="2023-01-31T10:17:33 IST" name="launchApplication" finished-at="2023-01-31T10:17:36 IST" duration-ms="2935" status="PASS">
          <reporter-output>
          </reporter-output>
        </test-method> <!-- launchApplication -->
        <test-method signature="submitOrder(java.util.HashMap)[pri:0, instance:rahulshettyacademy.Tests.StandAloneTestJsonParameter@61322f9d]" started-at="2023-01-31T10:17:36 IST" name="submitOrder" data-provider="getData" finished-at="2023-01-31T10:17:50 IST" duration-ms="13920" status="PASS">
          <params>
            <param index="0">
              <value>
                <![CDATA[{password=Priyam123, email=priyam@gmail.com, productName=ZARA COAT 3}]]>
              </value>
            </param>
          </params>
          <reporter-output>
          </reporter-output>
        </test-method> <!-- submitOrder -->
        <test-method is-config="true" signature="ClosingSession()[pri:0, instance:rahulshettyacademy.Tests.StandAloneTestJsonParameter@61322f9d]" started-at="2023-01-31T10:17:50 IST" name="ClosingSession" finished-at="2023-01-31T10:18:06 IST" duration-ms="16256" status="PASS">
          <reporter-output>
          </reporter-output>
        </test-method> <!-- ClosingSession -->
        <test-method is-config="true" signature="launchApplication()[pri:0, instance:rahulshettyacademy.Tests.StandAloneTestJsonParameter@61322f9d]" started-at="2023-01-31T10:18:06 IST" name="launchApplication" finished-at="2023-01-31T10:18:09 IST" duration-ms="3495" status="PASS">
          <reporter-output>
          </reporter-output>
        </test-method> <!-- launchApplication -->
        <test-method signature="OrderHistoryTest()[pri:0, instance:rahulshettyacademy.Tests.StandAloneTestJsonParameter@61322f9d]" started-at="2023-01-31T10:18:09 IST" name="OrderHistoryTest" finished-at="2023-01-31T10:18:10 IST" depends-on-methods="rahulshettyacademy.Tests.StandAloneTestJsonParameter.submitOrder" duration-ms="337" status="PASS">
          <reporter-output>
          </reporter-output>
        </test-method> <!-- OrderHistoryTest -->
        <test-method is-config="true" signature="ClosingSession()[pri:0, instance:rahulshettyacademy.Tests.StandAloneTestJsonParameter@61322f9d]" started-at="2023-01-31T10:18:10 IST" name="ClosingSession" finished-at="2023-01-31T10:18:10 IST" duration-ms="157" status="PASS">
          <reporter-output>
          </reporter-output>
        </test-method> <!-- ClosingSession -->
      </class> <!-- rahulshettyacademy.Tests.StandAloneTestJsonParameter -->
    </test> <!-- Submit Order Test Using Json data -->
  </suite> <!-- Suite -->
</testng-results>
