<?xml version="1.0" encoding="UTF-8"?>
<!-- Generated by org.testng.reporters.JUnitXMLReporter -->
<testsuite ignored="0" hostname="inlen8520023665" failures="0" tests="3" name="Submit Order Test" time="54.446" errors="0" timestamp="2023-01-31T10:16:25 IST">
  <testcase classname="rahulshettyacademy.Tests.StandAloneTest" name="submitOrder" time="14.607"/>
  <testcase classname="rahulshettyacademy.Tests.StandAloneTest" name="submitOrder" time="13.899"/>
  <testcase classname="rahulshettyacademy.Tests.StandAloneTest" name="OrderHistoryTest" time="0.342"/>
</testsuite> <!-- Submit Order Test -->
