<?xml version="1.0" encoding="UTF-8"?>
<testng-results ignored="0" total="5" passed="5" failed="0" skipped="0">
  <reporter-output>
  </reporter-output>
  <suite started-at="2023-02-02T09:37:49 IST" name="Suite" finished-at="2023-02-02T09:39:19 IST" duration-ms="90261">
    <groups>
      <group name="ErrorHandling">
        <method signature="ErrorValidationsTest.LoginErrorValidation()[pri:0, instance:rahulshettyacademy.Tests.ErrorValidationsTest@5a7fe64f]" name="LoginErrorValidation" class="rahulshettyacademy.Tests.ErrorValidationsTest"/>
      </group> <!-- ErrorHandling -->
    </groups>
    <test started-at="2023-02-02T09:37:49 IST" name="Submit Order Test" finished-at="2023-02-02T09:38:26 IST" duration-ms="37325">
      <class name="rahulshettyacademy.Tests.SubmitOrder">
        <test-method is-config="true" signature="launchApplication()[pri:0, instance:rahulshettyacademy.Tests.SubmitOrder@2de56eb2]" started-at="2023-02-02T09:37:49 IST" name="launchApplication" finished-at="2023-02-02T09:37:52 IST" duration-ms="3205" status="PASS">
          <reporter-output>
          </reporter-output>
        </test-method> <!-- launchApplication -->
        <test-method signature="submitOrder(java.util.HashMap)[pri:0, instance:rahulshettyacademy.Tests.SubmitOrder@2de56eb2]" started-at="2023-02-02T09:37:52 IST" name="submitOrder" data-provider="getData" finished-at="2023-02-02T09:38:06 IST" duration-ms="13998" status="PASS">
          <params>
            <param index="0">
              <value>
                <![CDATA[{password=Priyam123, email=priyam@gmail.com, productName=ZARA COAT 3}]]>
              </value>
            </param>
          </params>
          <reporter-output>
          </reporter-output>
        </test-method> <!-- submitOrder -->
        <test-method is-config="true" signature="ClosingSession()[pri:0, instance:rahulshettyacademy.Tests.SubmitOrder@2de56eb2]" started-at="2023-02-02T09:38:06 IST" name="ClosingSession" finished-at="2023-02-02T09:38:06 IST" duration-ms="122" status="PASS">
          <reporter-output>
          </reporter-output>
        </test-method> <!-- ClosingSession -->
        <test-method is-config="true" signature="launchApplication()[pri:0, instance:rahulshettyacademy.Tests.SubmitOrder@2de56eb2]" started-at="2023-02-02T09:38:06 IST" name="launchApplication" finished-at="2023-02-02T09:38:09 IST" duration-ms="2302" status="PASS">
          <reporter-output>
          </reporter-output>
        </test-method> <!-- launchApplication -->
        <test-method signature="submitOrder(java.util.HashMap)[pri:0, instance:rahulshettyacademy.Tests.SubmitOrder@2de56eb2]" started-at="2023-02-02T09:38:09 IST" name="submitOrder" data-provider="getData" finished-at="2023-02-02T09:38:23 IST" duration-ms="14034" status="PASS">
          <params>
            <param index="0">
              <value>
                <![CDATA[{password=Priyam123, email=priyam@gmail.com, productName=ZARA COAT 3}]]>
              </value>
            </param>
          </params>
          <reporter-output>
          </reporter-output>
        </test-method> <!-- submitOrder -->
        <test-method is-config="true" signature="ClosingSession()[pri:0, instance:rahulshettyacademy.Tests.SubmitOrder@2de56eb2]" started-at="2023-02-02T09:38:23 IST" name="ClosingSession" finished-at="2023-02-02T09:38:23 IST" duration-ms="105" status="PASS">
          <reporter-output>
          </reporter-output>
        </test-method> <!-- ClosingSession -->
        <test-method is-config="true" signature="launchApplication()[pri:0, instance:rahulshettyacademy.Tests.SubmitOrder@2de56eb2]" started-at="2023-02-02T09:38:23 IST" name="launchApplication" finished-at="2023-02-02T09:38:26 IST" duration-ms="2768" status="PASS">
          <reporter-output>
          </reporter-output>
        </test-method> <!-- launchApplication -->
        <test-method signature="OrderHistoryTest()[pri:0, instance:rahulshettyacademy.Tests.SubmitOrder@2de56eb2]" started-at="2023-02-02T09:38:26 IST" name="OrderHistoryTest" finished-at="2023-02-02T09:38:26 IST" depends-on-methods="rahulshettyacademy.Tests.SubmitOrder.submitOrder" duration-ms="435" status="PASS">
          <reporter-output>
          </reporter-output>
        </test-method> <!-- OrderHistoryTest -->
        <test-method is-config="true" signature="ClosingSession()[pri:0, instance:rahulshettyacademy.Tests.SubmitOrder@2de56eb2]" started-at="2023-02-02T09:38:26 IST" name="ClosingSession" finished-at="2023-02-02T09:38:26 IST" duration-ms="167" status="PASS">
          <reporter-output>
          </reporter-output>
        </test-method> <!-- ClosingSession -->
      </class> <!-- rahulshettyacademy.Tests.SubmitOrder -->
    </test> <!-- Submit Order Test -->
    <test started-at="2023-02-02T09:38:27 IST" name="Error Validations Test" finished-at="2023-02-02T09:39:19 IST" duration-ms="52601">
      <class name="rahulshettyacademy.Tests.ErrorValidationsTest">
        <test-method is-config="true" signature="launchApplication()[pri:0, instance:rahulshettyacademy.Tests.ErrorValidationsTest@5a7fe64f]" started-at="2023-02-02T09:38:27 IST" name="launchApplication" finished-at="2023-02-02T09:38:30 IST" duration-ms="3039" status="PASS">
          <reporter-output>
          </reporter-output>
        </test-method> <!-- launchApplication -->
        <test-method signature="LoginErrorValidation()[pri:0, instance:rahulshettyacademy.Tests.ErrorValidationsTest@5a7fe64f]" started-at="2023-02-02T09:38:30 IST" name="LoginErrorValidation" finished-at="2023-02-02T09:38:30 IST" duration-ms="864" status="PASS">
          <reporter-output>
          </reporter-output>
        </test-method> <!-- LoginErrorValidation -->
        <test-method is-config="true" signature="ClosingSession()[pri:0, instance:rahulshettyacademy.Tests.ErrorValidationsTest@5a7fe64f]" started-at="2023-02-02T09:38:30 IST" name="ClosingSession" finished-at="2023-02-02T09:38:47 IST" duration-ms="16217" status="PASS">
          <reporter-output>
          </reporter-output>
        </test-method> <!-- ClosingSession -->
        <test-method is-config="true" signature="launchApplication()[pri:0, instance:rahulshettyacademy.Tests.ErrorValidationsTest@5a7fe64f]" started-at="2023-02-02T09:38:47 IST" name="launchApplication" finished-at="2023-02-02T09:38:49 IST" duration-ms="2298" status="PASS">
          <reporter-output>
          </reporter-output>
        </test-method> <!-- launchApplication -->
        <test-method signature="ProductErrorValidation()[pri:0, instance:rahulshettyacademy.Tests.ErrorValidationsTest@5a7fe64f]" started-at="2023-02-02T09:38:49 IST" name="ProductErrorValidation" finished-at="2023-02-02T09:39:03 IST" duration-ms="13925" status="PASS">
          <reporter-output>
          </reporter-output>
        </test-method> <!-- ProductErrorValidation -->
        <test-method is-config="true" signature="ClosingSession()[pri:0, instance:rahulshettyacademy.Tests.ErrorValidationsTest@5a7fe64f]" started-at="2023-02-02T09:39:03 IST" name="ClosingSession" finished-at="2023-02-02T09:39:19 IST" duration-ms="16251" status="PASS">
          <reporter-output>
          </reporter-output>
        </test-method> <!-- ClosingSession -->
      </class> <!-- rahulshettyacademy.Tests.ErrorValidationsTest -->
    </test> <!-- Error Validations Test -->
  </suite> <!-- Suite -->
</testng-results>
