<?xml version="1.0" encoding="UTF-8"?>
<!-- Generated by org.testng.reporters.JUnitXMLReporter -->
<testsuite ignored="0" hostname="inlen8520023665" failures="1" tests="3" name="Error Validations Test" time="70.438" errors="0" timestamp="2023-02-01T12:32:33 IST">
  <testcase classname="rahulshettyacademy.Tests.ErrorValidationsTest" name="LoginErrorValidation" time="0.845">
    <failure type="junit.framework.ComparisonFailure" message="expected:&amp;lt;...rrect email or passw[]rd.&amp;gt; but was:&amp;lt;...rrect email or passw[o]rd.&amp;gt;">
      <![CDATA[junit.framework.ComparisonFailure: expected:<...rrect email or passw[]rd.> but was:<...rrect email or passw[o]rd.>
at junit.framework.Assert.assertEquals(Assert.java:100)
at junit.framework.Assert.assertEquals(Assert.java:107)
at rahulshettyacademy.Tests.ErrorValidationsTest.LoginErrorValidation(ErrorValidationsTest.java:24)
at java.base/java.util.ArrayList.forEach(ArrayList.java:1511)
... Removed 27 stack frames]]>
    </failure>
  </testcase> <!-- LoginErrorValidation -->
  <testcase classname="rahulshettyacademy.Tests.ErrorValidationsTest" name="ProductErrorValidation" time="1.599">
    <skipped/>
  </testcase> <!-- ProductErrorValidation -->
  <testcase classname="rahulshettyacademy.Tests.ErrorValidationsTest" name="ProductErrorValidation" time="13.327"/>
</testsuite> <!-- Error Validations Test -->
