<?xml version="1.0" encoding="UTF-8"?>
<!-- Generated by org.testng.reporters.JUnitXMLReporter -->
<testsuite ignored="0" hostname="inlen8520023665" failures="0" tests="3" name="Submit Order Test" time="52.421" errors="0" timestamp="2023-02-01T12:31:22 IST">
  <testcase classname="rahulshettyacademy.Tests.StandAloneTestJsonParameter" name="submitOrder" time="14.1"/>
  <testcase classname="rahulshettyacademy.Tests.StandAloneTestJsonParameter" name="submitOrder" time="14.006"/>
  <testcase classname="rahulshettyacademy.Tests.StandAloneTestJsonParameter" name="OrderHistoryTest" time="0.404"/>
</testsuite> <!-- Submit Order Test -->
