<?xml version="1.0" encoding="UTF-8"?>
<!-- Generated by org.testng.reporters.JUnitXMLReporter -->
<testsuite ignored="0" hostname="inlen8520023665" failures="0" tests="3" name="Error Validations Test" time="54.93" errors="0" timestamp="2023-02-01T15:01:41 IST">
  <testcase classname="rahulshettyacademy.Tests.ErrorValidationsTest" name="LoginErrorValidation" time="0.287"/>
  <testcase classname="rahulshettyacademy.Tests.ErrorValidationsTest" name="ProductErrorValidation" time="1.575">
    <skipped/>
  </testcase> <!-- ProductErrorValidation -->
  <testcase classname="rahulshettyacademy.Tests.ErrorValidationsTest" name="ProductErrorValidation" time="13.231"/>
</testsuite> <!-- Error Validations Test -->
