<?xml version="1.0" encoding="UTF-8"?>
<testng-results ignored="3" total="4" passed="1" failed="0" skipped="0">
  <reporter-output>
  </reporter-output>
  <suite started-at="2023-01-30T22:26:31 IST" name="Suite" finished-at="2023-01-30T22:26:40 IST" duration-ms="9534">
    <groups>
      <group name="ErrorHandling">
        <method signature="ErrorValidationsTest.LoginErrorValidation()[pri:0, instance:rahulshettyacademy.Tests.ErrorValidationsTest@15de0b3c]" name="LoginErrorValidation" class="rahulshettyacademy.Tests.ErrorValidationsTest"/>
      </group> <!-- ErrorHandling -->
    </groups>
    <test started-at="2023-01-30T22:26:31 IST" name="Submit Order Test" finished-at="2023-01-30T22:26:31 IST" duration-ms="17">
    </test> <!-- Submit Order Test -->
    <test started-at="2023-01-30T22:26:31 IST" name="Error Validations Test" finished-at="2023-01-30T22:26:40 IST" duration-ms="9534">
      <class name="rahulshettyacademy.Tests.ErrorValidationsTest">
        <test-method is-config="true" signature="launchApplication()[pri:0, instance:rahulshettyacademy.Tests.ErrorValidationsTest@15de0b3c]" started-at="2023-01-30T22:26:31 IST" name="launchApplication" finished-at="2023-01-30T22:26:39 IST" duration-ms="8335" status="PASS">
          <reporter-output>
          </reporter-output>
        </test-method> <!-- launchApplication -->
        <test-method signature="LoginErrorValidation()[pri:0, instance:rahulshettyacademy.Tests.ErrorValidationsTest@15de0b3c]" started-at="2023-01-30T22:26:39 IST" name="LoginErrorValidation" finished-at="2023-01-30T22:26:40 IST" duration-ms="1027" status="PASS">
          <reporter-output>
          </reporter-output>
        </test-method> <!-- LoginErrorValidation -->
        <test-method is-config="true" signature="ClosingSession()[pri:0, instance:rahulshettyacademy.Tests.ErrorValidationsTest@15de0b3c]" started-at="2023-01-30T22:26:40 IST" name="ClosingSession" finished-at="2023-01-30T22:26:40 IST" duration-ms="110" status="PASS">
          <reporter-output>
          </reporter-output>
        </test-method> <!-- ClosingSession -->
      </class> <!-- rahulshettyacademy.Tests.ErrorValidationsTest -->
    </test> <!-- Error Validations Test -->
  </suite> <!-- Suite -->
</testng-results>
