<?xml version="1.0" encoding="UTF-8"?>
<testng-results retried="1" ignored="0" total="6" passed="4" failed="1" skipped="0">
  <reporter-output>
  </reporter-output>
  <suite started-at="2023-02-01T12:30:30 IST" name="Suite" finished-at="2023-02-01T12:32:33 IST" duration-ms="123103">
    <groups>
      <group name="ErrorHandling">
        <method signature="ErrorValidationsTest.LoginErrorValidation()[pri:0, instance:rahulshettyacademy.Tests.ErrorValidationsTest@1169afe1]" name="LoginErrorValidation" class="rahulshettyacademy.Tests.ErrorValidationsTest"/>
      </group> <!-- ErrorHandling -->
    </groups>
    <test started-at="2023-02-01T12:30:30 IST" name="Submit Order Test" finished-at="2023-02-01T12:31:22 IST" duration-ms="52421">
      <class name="rahulshettyacademy.Tests.StandAloneTestJsonParameter">
        <test-method is-config="true" signature="launchApplication()[pri:0, instance:rahulshettyacademy.Tests.StandAloneTestJsonParameter@49c90a9c]" started-at="2023-02-01T12:30:30 IST" name="launchApplication" finished-at="2023-02-01T12:30:33 IST" duration-ms="3025" status="PASS">
          <reporter-output>
          </reporter-output>
        </test-method> <!-- launchApplication -->
        <test-method signature="submitOrder(java.util.HashMap)[pri:0, instance:rahulshettyacademy.Tests.StandAloneTestJsonParameter@49c90a9c]" started-at="2023-02-01T12:30:33 IST" name="submitOrder" data-provider="getData" finished-at="2023-02-01T12:30:47 IST" duration-ms="14100" status="PASS">
          <params>
            <param index="0">
              <value>
                <![CDATA[{password=Priyam123, email=priyam@gmail.com, productName=ZARA COAT 3}]]>
              </value>
            </param>
          </params>
          <reporter-output>
          </reporter-output>
        </test-method> <!-- submitOrder -->
        <test-method is-config="true" signature="ClosingSession()[pri:0, instance:rahulshettyacademy.Tests.StandAloneTestJsonParameter@49c90a9c]" started-at="2023-02-01T12:30:47 IST" name="ClosingSession" finished-at="2023-02-01T12:30:47 IST" duration-ms="89" status="PASS">
          <reporter-output>
          </reporter-output>
        </test-method> <!-- ClosingSession -->
        <test-method is-config="true" signature="launchApplication()[pri:0, instance:rahulshettyacademy.Tests.StandAloneTestJsonParameter@49c90a9c]" started-at="2023-02-01T12:30:47 IST" name="launchApplication" finished-at="2023-02-01T12:30:49 IST" duration-ms="1962" status="PASS">
          <reporter-output>
          </reporter-output>
        </test-method> <!-- launchApplication -->
        <test-method signature="submitOrder(java.util.HashMap)[pri:0, instance:rahulshettyacademy.Tests.StandAloneTestJsonParameter@49c90a9c]" started-at="2023-02-01T12:30:49 IST" name="submitOrder" data-provider="getData" finished-at="2023-02-01T12:31:03 IST" duration-ms="14006" status="PASS">
          <params>
            <param index="0">
              <value>
                <![CDATA[{password=Priyam123, email=priyam@gmail.com, productName=ZARA COAT 3}]]>
              </value>
            </param>
          </params>
          <reporter-output>
          </reporter-output>
        </test-method> <!-- submitOrder -->
        <test-method is-config="true" signature="ClosingSession()[pri:0, instance:rahulshettyacademy.Tests.StandAloneTestJsonParameter@49c90a9c]" started-at="2023-02-01T12:31:03 IST" name="ClosingSession" finished-at="2023-02-01T12:31:19 IST" duration-ms="16225" status="PASS">
          <reporter-output>
          </reporter-output>
        </test-method> <!-- ClosingSession -->
        <test-method is-config="true" signature="launchApplication()[pri:0, instance:rahulshettyacademy.Tests.StandAloneTestJsonParameter@49c90a9c]" started-at="2023-02-01T12:31:19 IST" name="launchApplication" finished-at="2023-02-01T12:31:22 IST" duration-ms="2295" status="PASS">
          <reporter-output>
          </reporter-output>
        </test-method> <!-- launchApplication -->
        <test-method signature="OrderHistoryTest()[pri:0, instance:rahulshettyacademy.Tests.StandAloneTestJsonParameter@49c90a9c]" started-at="2023-02-01T12:31:22 IST" name="OrderHistoryTest" finished-at="2023-02-01T12:31:22 IST" depends-on-methods="rahulshettyacademy.Tests.StandAloneTestJsonParameter.submitOrder" duration-ms="404" status="PASS">
          <reporter-output>
          </reporter-output>
        </test-method> <!-- OrderHistoryTest -->
        <test-method is-config="true" signature="ClosingSession()[pri:0, instance:rahulshettyacademy.Tests.StandAloneTestJsonParameter@49c90a9c]" started-at="2023-02-01T12:31:22 IST" name="ClosingSession" finished-at="2023-02-01T12:31:22 IST" duration-ms="148" status="PASS">
          <reporter-output>
          </reporter-output>
        </test-method> <!-- ClosingSession -->
      </class> <!-- rahulshettyacademy.Tests.StandAloneTestJsonParameter -->
    </test> <!-- Submit Order Test -->
    <test started-at="2023-02-01T12:31:23 IST" name="Error Validations Test" finished-at="2023-02-01T12:32:33 IST" duration-ms="70438">
      <class name="rahulshettyacademy.Tests.ErrorValidationsTest">
        <test-method is-config="true" signature="launchApplication()[pri:0, instance:rahulshettyacademy.Tests.ErrorValidationsTest@1169afe1]" started-at="2023-02-01T12:31:23 IST" name="launchApplication" finished-at="2023-02-01T12:31:24 IST" duration-ms="1928" status="PASS">
          <reporter-output>
          </reporter-output>
        </test-method> <!-- launchApplication -->
        <test-method signature="LoginErrorValidation()[pri:0, instance:rahulshettyacademy.Tests.ErrorValidationsTest@1169afe1]" started-at="2023-02-01T12:31:24 IST" name="LoginErrorValidation" finished-at="2023-02-01T12:31:25 IST" duration-ms="845" status="FAIL">
          <exception class="junit.framework.ComparisonFailure">
            <message>
              <![CDATA[expected:<...rrect email or passw[]rd.> but was:<...rrect email or passw[o]rd.>]]>
            </message>
            <full-stacktrace>
              <![CDATA[junit.framework.ComparisonFailure: expected:<...rrect email or passw[]rd.> but was:<...rrect email or passw[o]rd.>
at junit.framework.Assert.assertEquals(Assert.java:100)
at junit.framework.Assert.assertEquals(Assert.java:107)
at rahulshettyacademy.Tests.ErrorValidationsTest.LoginErrorValidation(ErrorValidationsTest.java:24)
at java.base/jdk.internal.reflect.NativeMethodAccessorImpl.invoke0(Native Method)
at java.base/jdk.internal.reflect.NativeMethodAccessorImpl.invoke(NativeMethodAccessorImpl.java:64)
at java.base/jdk.internal.reflect.DelegatingMethodAccessorImpl.invoke(DelegatingMethodAccessorImpl.java:43)
at java.base/java.lang.reflect.Method.invoke(Method.java:564)
at org.testng.internal.invokers.MethodInvocationHelper.invokeMethod(MethodInvocationHelper.java:139)
at org.testng.internal.invokers.TestInvoker.invokeMethod(TestInvoker.java:677)
at org.testng.internal.invokers.TestInvoker.invokeTestMethod(TestInvoker.java:221)
at org.testng.internal.invokers.MethodRunner.runInSequence(MethodRunner.java:50)
at org.testng.internal.invokers.TestInvoker$MethodInvocationAgent.invoke(TestInvoker.java:969)
at org.testng.internal.invokers.TestInvoker.invokeTestMethods(TestInvoker.java:194)
at org.testng.internal.invokers.TestMethodWorker.invokeTestMethods(TestMethodWorker.java:148)
at org.testng.internal.invokers.TestMethodWorker.run(TestMethodWorker.java:128)
at java.base/java.util.ArrayList.forEach(ArrayList.java:1511)
at org.testng.TestRunner.privateRun(TestRunner.java:829)
at org.testng.TestRunner.run(TestRunner.java:602)
at org.testng.SuiteRunner.runTest(SuiteRunner.java:437)
at org.testng.SuiteRunner.runSequentially(SuiteRunner.java:431)
at org.testng.SuiteRunner.privateRun(SuiteRunner.java:391)
at org.testng.SuiteRunner.run(SuiteRunner.java:330)
at org.testng.SuiteRunnerWorker.runSuite(SuiteRunnerWorker.java:52)
at org.testng.SuiteRunnerWorker.run(SuiteRunnerWorker.java:95)
at org.testng.TestNG.runSuitesSequentially(TestNG.java:1256)
at org.testng.TestNG.runSuitesLocally(TestNG.java:1176)
at org.testng.TestNG.runSuites(TestNG.java:1099)
at org.testng.TestNG.run(TestNG.java:1067)
at org.testng.remote.AbstractRemoteTestNG.run(AbstractRemoteTestNG.java:115)
at org.testng.remote.RemoteTestNG.initAndRun(RemoteTestNG.java:251)
at org.testng.remote.RemoteTestNG.main(RemoteTestNG.java:77)
]]>
            </full-stacktrace>
          </exception> <!-- junit.framework.ComparisonFailure -->
          <reporter-output>
          </reporter-output>
        </test-method> <!-- LoginErrorValidation -->
        <test-method is-config="true" signature="ClosingSession()[pri:0, instance:rahulshettyacademy.Tests.ErrorValidationsTest@1169afe1]" started-at="2023-02-01T12:31:25 IST" name="ClosingSession" finished-at="2023-02-01T12:31:42 IST" duration-ms="16245" status="PASS">
          <reporter-output>
          </reporter-output>
        </test-method> <!-- ClosingSession -->
        <test-method is-config="true" signature="launchApplication()[pri:0, instance:rahulshettyacademy.Tests.ErrorValidationsTest@1169afe1]" started-at="2023-02-01T12:31:42 IST" name="launchApplication" finished-at="2023-02-01T12:31:44 IST" duration-ms="1868" status="PASS">
          <reporter-output>
          </reporter-output>
        </test-method> <!-- launchApplication -->
        <test-method retried="true" signature="ProductErrorValidation()[pri:0, instance:rahulshettyacademy.Tests.ErrorValidationsTest@1169afe1]" started-at="2023-02-01T12:31:44 IST" name="ProductErrorValidation" finished-at="2023-02-01T12:31:45 IST" duration-ms="1599" status="SKIP">
          <exception class="org.openqa.selenium.ElementClickInterceptedException">
            <message>
              <![CDATA[element click intercepted: Element <button _ngcontent-bii-c33="" routerlink="/dashboard/cart" class="btn btn-custom" style="margin-top: -10px;" tabindex="0">...</button> is not clickable at point (1025, 27). Other element would receive the click: <div _ngcontent-bii-c31="" class="ngx-spinner-overlay ng-tns-c31-1 ng-trigger ng-trigger-fadeIn ng-star-inserted ng-animating" style="background-color: rgba(51, 51, 51, 0.8); z-index: 99999; position: fixed;">...</div>
  (Session info: chrome=109.0.5414.120)
Build info: version: '4.7.2', revision: '4d4020c3b7'
System info: os.name: 'Windows 10', os.arch: 'amd64', os.version: '10.0', java.version: '15.0.2'
Driver info: org.openqa.selenium.chrome.ChromeDriver
Command: [88638972a593ad4be910e3f6ed2ae0e4, clickElement {id=c0a14324-c9b1-4faf-8d25-135c20a13da4}]
Capabilities {acceptInsecureCerts: false, browserName: chrome, browserVersion: 109.0.5414.120, chrome: {chromedriverVersion: 108.0.5359.71 (1e0e3868ee06..., userDataDir: C:\Users\priyamps\AppData\L...}, goog:chromeOptions: {debuggerAddress: localhost:60250}, networkConnectionEnabled: false, pageLoadStrategy: normal, platformName: WINDOWS, proxy: Proxy(), se:cdp: ws://localhost:60250/devtoo..., se:cdpVersion: 109.0.5414.120, setWindowRect: true, strictFileInteractability: false, timeouts: {implicit: 0, pageLoad: 300000, script: 30000}, unhandledPromptBehavior: dismiss and notify, webauthn:extension:credBlob: true, webauthn:extension:largeBlob: true, webauthn:virtualAuthenticators: true}
Element: [[ChromeDriver: chrome on WINDOWS (88638972a593ad4be910e3f6ed2ae0e4)] -> xpath: //button[@routerlink='/dashboard/cart']]
Session ID: 88638972a593ad4be910e3f6ed2ae0e4]]>
            </message>
            <full-stacktrace>
              <![CDATA[org.openqa.selenium.ElementClickInterceptedException: element click intercepted: Element <button _ngcontent-bii-c33="" routerlink="/dashboard/cart" class="btn btn-custom" style="margin-top: -10px;" tabindex="0">...</button> is not clickable at point (1025, 27). Other element would receive the click: <div _ngcontent-bii-c31="" class="ngx-spinner-overlay ng-tns-c31-1 ng-trigger ng-trigger-fadeIn ng-star-inserted ng-animating" style="background-color: rgba(51, 51, 51, 0.8); z-index: 99999; position: fixed;">...</div>
  (Session info: chrome=109.0.5414.120)
Build info: version: '4.7.2', revision: '4d4020c3b7'
System info: os.name: 'Windows 10', os.arch: 'amd64', os.version: '10.0', java.version: '15.0.2'
Driver info: org.openqa.selenium.chrome.ChromeDriver
Command: [88638972a593ad4be910e3f6ed2ae0e4, clickElement {id=c0a14324-c9b1-4faf-8d25-135c20a13da4}]
Capabilities {acceptInsecureCerts: false, browserName: chrome, browserVersion: 109.0.5414.120, chrome: {chromedriverVersion: 108.0.5359.71 (1e0e3868ee06..., userDataDir: C:\Users\priyamps\AppData\L...}, goog:chromeOptions: {debuggerAddress: localhost:60250}, networkConnectionEnabled: false, pageLoadStrategy: normal, platformName: WINDOWS, proxy: Proxy(), se:cdp: ws://localhost:60250/devtoo..., se:cdpVersion: 109.0.5414.120, setWindowRect: true, strictFileInteractability: false, timeouts: {implicit: 0, pageLoad: 300000, script: 30000}, unhandledPromptBehavior: dismiss and notify, webauthn:extension:credBlob: true, webauthn:extension:largeBlob: true, webauthn:virtualAuthenticators: true}
Element: [[ChromeDriver: chrome on WINDOWS (88638972a593ad4be910e3f6ed2ae0e4)] -> xpath: //button[@routerlink='/dashboard/cart']]
Session ID: 88638972a593ad4be910e3f6ed2ae0e4
at java.base/jdk.internal.reflect.NativeConstructorAccessorImpl.newInstance0(Native Method)
at java.base/jdk.internal.reflect.NativeConstructorAccessorImpl.newInstance(NativeConstructorAccessorImpl.java:64)
at java.base/jdk.internal.reflect.DelegatingConstructorAccessorImpl.newInstance(DelegatingConstructorAccessorImpl.java:45)
at java.base/java.lang.reflect.Constructor.newInstanceWithCaller(Constructor.java:500)
at java.base/java.lang.reflect.Constructor.newInstance(Constructor.java:481)
at org.openqa.selenium.remote.codec.w3c.W3CHttpResponseCodec.createException(W3CHttpResponseCodec.java:200)
at org.openqa.selenium.remote.codec.w3c.W3CHttpResponseCodec.decode(W3CHttpResponseCodec.java:133)
at org.openqa.selenium.remote.codec.w3c.W3CHttpResponseCodec.decode(W3CHttpResponseCodec.java:53)
at org.openqa.selenium.remote.HttpCommandExecutor.execute(HttpCommandExecutor.java:184)
at org.openqa.selenium.remote.service.DriverCommandExecutor.invokeExecute(DriverCommandExecutor.java:167)
at org.openqa.selenium.remote.service.DriverCommandExecutor.execute(DriverCommandExecutor.java:142)
at org.openqa.selenium.remote.RemoteWebDriver.execute(RemoteWebDriver.java:535)
at org.openqa.selenium.remote.RemoteWebElement.execute(RemoteWebElement.java:257)
at org.openqa.selenium.remote.RemoteWebElement.click(RemoteWebElement.java:78)
at java.base/jdk.internal.reflect.NativeMethodAccessorImpl.invoke0(Native Method)
at java.base/jdk.internal.reflect.NativeMethodAccessorImpl.invoke(NativeMethodAccessorImpl.java:64)
at java.base/jdk.internal.reflect.DelegatingMethodAccessorImpl.invoke(DelegatingMethodAccessorImpl.java:43)
at java.base/java.lang.reflect.Method.invoke(Method.java:564)
at org.openqa.selenium.support.pagefactory.internal.LocatingElementHandler.invoke(LocatingElementHandler.java:52)
at com.sun.proxy.$Proxy19.click(Unknown Source)
at rahulshettyacademy.abstractComponents.AbstractComponent.goToCartPage(AbstractComponent.java:54)
at rahulshettyacademy.Tests.ErrorValidationsTest.ProductErrorValidation(ErrorValidationsTest.java:33)
at java.base/jdk.internal.reflect.NativeMethodAccessorImpl.invoke0(Native Method)
at java.base/jdk.internal.reflect.NativeMethodAccessorImpl.invoke(NativeMethodAccessorImpl.java:64)
at java.base/jdk.internal.reflect.DelegatingMethodAccessorImpl.invoke(DelegatingMethodAccessorImpl.java:43)
at java.base/java.lang.reflect.Method.invoke(Method.java:564)
at org.testng.internal.invokers.MethodInvocationHelper.invokeMethod(MethodInvocationHelper.java:139)
at org.testng.internal.invokers.TestInvoker.invokeMethod(TestInvoker.java:677)
at org.testng.internal.invokers.TestInvoker.invokeTestMethod(TestInvoker.java:221)
at org.testng.internal.invokers.MethodRunner.runInSequence(MethodRunner.java:50)
at org.testng.internal.invokers.TestInvoker$MethodInvocationAgent.invoke(TestInvoker.java:969)
at org.testng.internal.invokers.TestInvoker.invokeTestMethods(TestInvoker.java:194)
at org.testng.internal.invokers.TestMethodWorker.invokeTestMethods(TestMethodWorker.java:148)
at org.testng.internal.invokers.TestMethodWorker.run(TestMethodWorker.java:128)
at java.base/java.util.ArrayList.forEach(ArrayList.java:1511)
at org.testng.TestRunner.privateRun(TestRunner.java:829)
at org.testng.TestRunner.run(TestRunner.java:602)
at org.testng.SuiteRunner.runTest(SuiteRunner.java:437)
at org.testng.SuiteRunner.runSequentially(SuiteRunner.java:431)
at org.testng.SuiteRunner.privateRun(SuiteRunner.java:391)
at org.testng.SuiteRunner.run(SuiteRunner.java:330)
at org.testng.SuiteRunnerWorker.runSuite(SuiteRunnerWorker.java:52)
at org.testng.SuiteRunnerWorker.run(SuiteRunnerWorker.java:95)
at org.testng.TestNG.runSuitesSequentially(TestNG.java:1256)
at org.testng.TestNG.runSuitesLocally(TestNG.java:1176)
at org.testng.TestNG.runSuites(TestNG.java:1099)
at org.testng.TestNG.run(TestNG.java:1067)
at org.testng.remote.AbstractRemoteTestNG.run(AbstractRemoteTestNG.java:115)
at org.testng.remote.RemoteTestNG.initAndRun(RemoteTestNG.java:251)
at org.testng.remote.RemoteTestNG.main(RemoteTestNG.java:77)
]]>
            </full-stacktrace>
          </exception> <!-- org.openqa.selenium.ElementClickInterceptedException -->
          <reporter-output>
          </reporter-output>
        </test-method> <!-- ProductErrorValidation -->
        <test-method is-config="true" signature="ClosingSession()[pri:0, instance:rahulshettyacademy.Tests.ErrorValidationsTest@1169afe1]" started-at="2023-02-01T12:31:45 IST" name="ClosingSession" finished-at="2023-02-01T12:32:01 IST" duration-ms="16230" status="PASS">
          <reporter-output>
          </reporter-output>
        </test-method> <!-- ClosingSession -->
        <test-method is-config="true" signature="launchApplication()[pri:0, instance:rahulshettyacademy.Tests.ErrorValidationsTest@1169afe1]" started-at="2023-02-01T12:32:01 IST" name="launchApplication" finished-at="2023-02-01T12:32:03 IST" duration-ms="1933" status="PASS">
          <reporter-output>
          </reporter-output>
        </test-method> <!-- launchApplication -->
        <test-method signature="ProductErrorValidation()[pri:0, instance:rahulshettyacademy.Tests.ErrorValidationsTest@1169afe1]" started-at="2023-02-01T12:32:03 IST" name="ProductErrorValidation" finished-at="2023-02-01T12:32:17 IST" duration-ms="13327" status="PASS">
          <reporter-output>
          </reporter-output>
        </test-method> <!-- ProductErrorValidation -->
        <test-method is-config="true" signature="ClosingSession()[pri:0, instance:rahulshettyacademy.Tests.ErrorValidationsTest@1169afe1]" started-at="2023-02-01T12:32:17 IST" name="ClosingSession" finished-at="2023-02-01T12:32:33 IST" duration-ms="16239" status="PASS">
          <reporter-output>
          </reporter-output>
        </test-method> <!-- ClosingSession -->
      </class> <!-- rahulshettyacademy.Tests.ErrorValidationsTest -->
    </test> <!-- Error Validations Test -->
  </suite> <!-- Suite -->
</testng-results>
