<?xml version="1.0" encoding="UTF-8"?>
<testng-results ignored="0" total="5" passed="5" failed="0" skipped="0">
  <reporter-output>
  </reporter-output>
  <suite started-at="2023-01-31T15:55:16 IST" name="Suite" finished-at="2023-01-31T15:56:44 IST" duration-ms="87569">
    <groups>
      <group name="ErrorHandling">
        <method signature="ErrorValidationsTest.LoginErrorValidation()[pri:0, instance:rahulshettyacademy.Tests.ErrorValidationsTest@5c7bfdc1]" name="LoginErrorValidation" class="rahulshettyacademy.Tests.ErrorValidationsTest"/>
      </group> <!-- ErrorHandling -->
    </groups>
    <test started-at="2023-01-31T15:55:16 IST" name="Submit Order Test" finished-at="2023-01-31T15:56:09 IST" duration-ms="52754">
      <class name="rahulshettyacademy.Tests.StandAloneTestJsonParameter">
        <test-method is-config="true" signature="launchApplication()[pri:0, instance:rahulshettyacademy.Tests.StandAloneTestJsonParameter@70cf32e3]" started-at="2023-01-31T15:55:16 IST" name="launchApplication" finished-at="2023-01-31T15:55:19 IST" duration-ms="2809" status="PASS">
          <reporter-output>
          </reporter-output>
        </test-method> <!-- launchApplication -->
        <test-method signature="submitOrder(java.util.HashMap)[pri:0, instance:rahulshettyacademy.Tests.StandAloneTestJsonParameter@70cf32e3]" started-at="2023-01-31T15:55:19 IST" name="submitOrder" data-provider="getData" finished-at="2023-01-31T15:55:33 IST" duration-ms="14071" status="PASS">
          <params>
            <param index="0">
              <value>
                <![CDATA[{password=Priyam123, email=priyam@gmail.com, productName=ZARA COAT 3}]]>
              </value>
            </param>
          </params>
          <reporter-output>
          </reporter-output>
        </test-method> <!-- submitOrder -->
        <test-method is-config="true" signature="ClosingSession()[pri:0, instance:rahulshettyacademy.Tests.StandAloneTestJsonParameter@70cf32e3]" started-at="2023-01-31T15:55:33 IST" name="ClosingSession" finished-at="2023-01-31T15:55:49 IST" duration-ms="16240" status="PASS">
          <reporter-output>
          </reporter-output>
        </test-method> <!-- ClosingSession -->
        <test-method is-config="true" signature="launchApplication()[pri:0, instance:rahulshettyacademy.Tests.StandAloneTestJsonParameter@70cf32e3]" started-at="2023-01-31T15:55:49 IST" name="launchApplication" finished-at="2023-01-31T15:55:52 IST" duration-ms="2176" status="PASS">
          <reporter-output>
          </reporter-output>
        </test-method> <!-- launchApplication -->
        <test-method signature="submitOrder(java.util.HashMap)[pri:0, instance:rahulshettyacademy.Tests.StandAloneTestJsonParameter@70cf32e3]" started-at="2023-01-31T15:55:52 IST" name="submitOrder" data-provider="getData" finished-at="2023-01-31T15:56:06 IST" duration-ms="14027" status="PASS">
          <params>
            <param index="0">
              <value>
                <![CDATA[{password=Priyam123, email=priyam@gmail.com, productName=ZARA COAT 3}]]>
              </value>
            </param>
          </params>
          <reporter-output>
          </reporter-output>
        </test-method> <!-- submitOrder -->
        <test-method is-config="true" signature="ClosingSession()[pri:0, instance:rahulshettyacademy.Tests.StandAloneTestJsonParameter@70cf32e3]" started-at="2023-01-31T15:56:06 IST" name="ClosingSession" finished-at="2023-01-31T15:56:06 IST" duration-ms="128" status="PASS">
          <reporter-output>
          </reporter-output>
        </test-method> <!-- ClosingSession -->
        <test-method is-config="true" signature="launchApplication()[pri:0, instance:rahulshettyacademy.Tests.StandAloneTestJsonParameter@70cf32e3]" started-at="2023-01-31T15:56:06 IST" name="launchApplication" finished-at="2023-01-31T15:56:08 IST" duration-ms="2592" status="PASS">
          <reporter-output>
          </reporter-output>
        </test-method> <!-- launchApplication -->
        <test-method signature="OrderHistoryTest()[pri:0, instance:rahulshettyacademy.Tests.StandAloneTestJsonParameter@70cf32e3]" started-at="2023-01-31T15:56:08 IST" name="OrderHistoryTest" finished-at="2023-01-31T15:56:09 IST" depends-on-methods="rahulshettyacademy.Tests.StandAloneTestJsonParameter.submitOrder" duration-ms="411" status="PASS">
          <reporter-output>
          </reporter-output>
        </test-method> <!-- OrderHistoryTest -->
        <test-method is-config="true" signature="ClosingSession()[pri:0, instance:rahulshettyacademy.Tests.StandAloneTestJsonParameter@70cf32e3]" started-at="2023-01-31T15:56:09 IST" name="ClosingSession" finished-at="2023-01-31T15:56:09 IST" duration-ms="131" status="PASS">
          <reporter-output>
          </reporter-output>
        </test-method> <!-- ClosingSession -->
      </class> <!-- rahulshettyacademy.Tests.StandAloneTestJsonParameter -->
    </test> <!-- Submit Order Test -->
    <test started-at="2023-01-31T15:56:09 IST" name="Error Validations Test" finished-at="2023-01-31T15:56:44 IST" duration-ms="34487">
      <class name="rahulshettyacademy.Tests.ErrorValidationsTest">
        <test-method is-config="true" signature="launchApplication()[pri:0, instance:rahulshettyacademy.Tests.ErrorValidationsTest@5c7bfdc1]" started-at="2023-01-31T15:56:09 IST" name="launchApplication" finished-at="2023-01-31T15:56:11 IST" duration-ms="2069" status="PASS">
          <reporter-output>
          </reporter-output>
        </test-method> <!-- launchApplication -->
        <test-method signature="LoginErrorValidation()[pri:0, instance:rahulshettyacademy.Tests.ErrorValidationsTest@5c7bfdc1]" started-at="2023-01-31T15:56:11 IST" name="LoginErrorValidation" finished-at="2023-01-31T15:56:12 IST" duration-ms="276" status="PASS">
          <reporter-output>
          </reporter-output>
        </test-method> <!-- LoginErrorValidation -->
        <test-method is-config="true" signature="ClosingSession()[pri:0, instance:rahulshettyacademy.Tests.ErrorValidationsTest@5c7bfdc1]" started-at="2023-01-31T15:56:12 IST" name="ClosingSession" finished-at="2023-01-31T15:56:12 IST" duration-ms="113" status="PASS">
          <reporter-output>
          </reporter-output>
        </test-method> <!-- ClosingSession -->
        <test-method is-config="true" signature="launchApplication()[pri:0, instance:rahulshettyacademy.Tests.ErrorValidationsTest@5c7bfdc1]" started-at="2023-01-31T15:56:12 IST" name="launchApplication" finished-at="2023-01-31T15:56:14 IST" duration-ms="2485" status="PASS">
          <reporter-output>
          </reporter-output>
        </test-method> <!-- launchApplication -->
        <test-method signature="ProductErrorValidation()[pri:0, instance:rahulshettyacademy.Tests.ErrorValidationsTest@5c7bfdc1]" started-at="2023-01-31T15:56:14 IST" name="ProductErrorValidation" finished-at="2023-01-31T15:56:27 IST" duration-ms="13272" status="PASS">
          <reporter-output>
          </reporter-output>
        </test-method> <!-- ProductErrorValidation -->
        <test-method is-config="true" signature="ClosingSession()[pri:0, instance:rahulshettyacademy.Tests.ErrorValidationsTest@5c7bfdc1]" started-at="2023-01-31T15:56:27 IST" name="ClosingSession" finished-at="2023-01-31T15:56:44 IST" duration-ms="16265" status="PASS">
          <reporter-output>
          </reporter-output>
        </test-method> <!-- ClosingSession -->
      </class> <!-- rahulshettyacademy.Tests.ErrorValidationsTest -->
    </test> <!-- Error Validations Test -->
  </suite> <!-- Suite -->
</testng-results>
