<?xml version="1.0" encoding="UTF-8"?>
<!-- Generated by org.testng.reporters.JUnitXMLReporter -->
<testsuite ignored="0" hostname="inlen8520023665" failures="0" tests="3" name="Submit Order Test" time="37.325" errors="0" timestamp="2023-02-02T09:38:27 IST">
  <testcase classname="rahulshettyacademy.Tests.SubmitOrder" name="submitOrder" time="13.998"/>
  <testcase classname="rahulshettyacademy.Tests.SubmitOrder" name="submitOrder" time="14.034"/>
  <testcase classname="rahulshettyacademy.Tests.SubmitOrder" name="OrderHistoryTest" time="0.435"/>
</testsuite> <!-- Submit Order Test -->
